2025-10-19 17:44:54 - ddpg_ann_nonlinear_lags1 - INFO - Starting training: ddpg_ann_nonlinear_lags1
2025-10-19 17:44:54 - ddpg_ann_nonlinear_lags1 - INFO - Loading economy model...
2025-10-19 17:44:54 - ddpg_ann_nonlinear_lags1 - INFO - 
Training with critic_nodes=1, actor_nodes=1
2025-10-19 17:45:19 - ddpg_ann_nonlinear_lags1 - INFO - Steady-state reward: -80.0611
2025-10-19 17:45:19 - ddpg_ann_nonlinear_lags1 - INFO - New best agent found!
2025-10-19 17:45:19 - ddpg_ann_nonlinear_lags1 - INFO - 
Training with critic_nodes=1, actor_nodes=2
2025-10-19 18:52:09 - ddpg_ann_nonlinear_lags1 - INFO - Steady-state reward: -85.5172
2025-10-19 18:52:09 - ddpg_ann_nonlinear_lags1 - INFO - 
Training with critic_nodes=1, actor_nodes=3
2025-10-19 18:52:38 - ddpg_ann_nonlinear_lags1 - INFO - Steady-state reward: -77.9964
2025-10-19 18:52:38 - ddpg_ann_nonlinear_lags1 - INFO - New best agent found!
2025-10-19 18:52:38 - ddpg_ann_nonlinear_lags1 - INFO - 
Training with critic_nodes=1, actor_nodes=4
2025-10-19 18:53:05 - ddpg_ann_nonlinear_lags1 - INFO - Steady-state reward: -78.6531
2025-10-19 18:53:05 - ddpg_ann_nonlinear_lags1 - INFO - 
Training with critic_nodes=1, actor_nodes=5
2025-10-19 18:53:32 - ddpg_ann_nonlinear_lags1 - INFO - Steady-state reward: -84.3864
2025-10-19 18:53:32 - ddpg_ann_nonlinear_lags1 - INFO - 
Training with critic_nodes=1, actor_nodes=6
2025-10-19 18:54:00 - ddpg_ann_nonlinear_lags1 - INFO - Steady-state reward: -89.2704
2025-10-19 18:54:00 - ddpg_ann_nonlinear_lags1 - INFO - 
Training with critic_nodes=1, actor_nodes=7
2025-10-19 18:54:28 - ddpg_ann_nonlinear_lags1 - INFO - Steady-state reward: -98.6651
2025-10-19 18:54:28 - ddpg_ann_nonlinear_lags1 - INFO - 
Training with critic_nodes=1, actor_nodes=8
2025-10-19 18:54:55 - ddpg_ann_nonlinear_lags1 - INFO - Steady-state reward: -78.4901
2025-10-19 18:54:55 - ddpg_ann_nonlinear_lags1 - INFO - 
Training with critic_nodes=1, actor_nodes=9
2025-10-19 18:55:23 - ddpg_ann_nonlinear_lags1 - INFO - Steady-state reward: -88.1672
2025-10-19 18:55:23 - ddpg_ann_nonlinear_lags1 - INFO - 
Training with critic_nodes=1, actor_nodes=10
2025-10-19 18:55:50 - ddpg_ann_nonlinear_lags1 - INFO - Steady-state reward: -79.2762
2025-10-19 18:55:50 - ddpg_ann_nonlinear_lags1 - INFO - 
Training with critic_nodes=2, actor_nodes=1
2025-10-19 18:56:17 - ddpg_ann_nonlinear_lags1 - INFO - Steady-state reward: -87.5797
2025-10-19 18:56:17 - ddpg_ann_nonlinear_lags1 - INFO - 
Training with critic_nodes=2, actor_nodes=2
2025-10-19 18:56:45 - ddpg_ann_nonlinear_lags1 - INFO - Steady-state reward: -85.0660
2025-10-19 18:56:45 - ddpg_ann_nonlinear_lags1 - INFO - 
Training with critic_nodes=2, actor_nodes=3
2025-10-19 18:57:13 - ddpg_ann_nonlinear_lags1 - INFO - Steady-state reward: -88.8068
2025-10-19 18:57:13 - ddpg_ann_nonlinear_lags1 - INFO - 
Training with critic_nodes=2, actor_nodes=4
2025-10-19 18:57:43 - ddpg_ann_nonlinear_lags1 - INFO - Steady-state reward: -92.3796
2025-10-19 18:57:43 - ddpg_ann_nonlinear_lags1 - INFO - 
Training with critic_nodes=2, actor_nodes=5
2025-10-19 18:58:12 - ddpg_ann_nonlinear_lags1 - INFO - Steady-state reward: -91.0147
2025-10-19 18:58:12 - ddpg_ann_nonlinear_lags1 - INFO - 
Training with critic_nodes=2, actor_nodes=6
2025-10-19 18:58:41 - ddpg_ann_nonlinear_lags1 - INFO - Steady-state reward: -74.1771
2025-10-19 18:58:41 - ddpg_ann_nonlinear_lags1 - INFO - New best agent found!
2025-10-19 18:58:41 - ddpg_ann_nonlinear_lags1 - INFO - 
Training with critic_nodes=2, actor_nodes=7
2025-10-19 18:59:10 - ddpg_ann_nonlinear_lags1 - INFO - Steady-state reward: -87.4951
2025-10-19 18:59:10 - ddpg_ann_nonlinear_lags1 - INFO - 
Training with critic_nodes=2, actor_nodes=8
2025-10-19 18:59:38 - ddpg_ann_nonlinear_lags1 - INFO - Steady-state reward: -82.0867
2025-10-19 18:59:38 - ddpg_ann_nonlinear_lags1 - INFO - 
Training with critic_nodes=2, actor_nodes=9
2025-10-19 19:00:08 - ddpg_ann_nonlinear_lags1 - INFO - Steady-state reward: -74.1816
2025-10-19 19:00:08 - ddpg_ann_nonlinear_lags1 - INFO - 
Training with critic_nodes=2, actor_nodes=10
2025-10-19 19:00:36 - ddpg_ann_nonlinear_lags1 - INFO - Steady-state reward: -90.2103
2025-10-19 19:00:36 - ddpg_ann_nonlinear_lags1 - INFO - 
Training with critic_nodes=3, actor_nodes=1
2025-10-19 19:01:06 - ddpg_ann_nonlinear_lags1 - INFO - Steady-state reward: -80.0217
2025-10-19 19:01:06 - ddpg_ann_nonlinear_lags1 - INFO - 
Training with critic_nodes=3, actor_nodes=2
2025-10-19 19:01:33 - ddpg_ann_nonlinear_lags1 - INFO - Steady-state reward: -82.0176
2025-10-19 19:01:33 - ddpg_ann_nonlinear_lags1 - INFO - 
Training with critic_nodes=3, actor_nodes=3
2025-10-19 19:02:01 - ddpg_ann_nonlinear_lags1 - INFO - Steady-state reward: -90.5370
2025-10-19 19:02:01 - ddpg_ann_nonlinear_lags1 - INFO - 
Training with critic_nodes=3, actor_nodes=4
2025-10-19 19:02:29 - ddpg_ann_nonlinear_lags1 - INFO - Steady-state reward: -94.1670
2025-10-19 19:02:29 - ddpg_ann_nonlinear_lags1 - INFO - 
Training with critic_nodes=3, actor_nodes=5
2025-10-19 19:02:58 - ddpg_ann_nonlinear_lags1 - INFO - Steady-state reward: -92.3788
2025-10-19 19:02:58 - ddpg_ann_nonlinear_lags1 - INFO - 
Training with critic_nodes=3, actor_nodes=6
2025-10-19 19:03:27 - ddpg_ann_nonlinear_lags1 - INFO - Steady-state reward: -76.1368
2025-10-19 19:03:27 - ddpg_ann_nonlinear_lags1 - INFO - 
Training with critic_nodes=3, actor_nodes=7
2025-10-19 19:03:55 - ddpg_ann_nonlinear_lags1 - INFO - Steady-state reward: -87.6750
2025-10-19 19:03:55 - ddpg_ann_nonlinear_lags1 - INFO - 
Training with critic_nodes=3, actor_nodes=8
2025-10-19 19:04:24 - ddpg_ann_nonlinear_lags1 - INFO - Steady-state reward: -82.1404
2025-10-19 19:04:24 - ddpg_ann_nonlinear_lags1 - INFO - 
Training with critic_nodes=3, actor_nodes=9
2025-10-19 19:04:54 - ddpg_ann_nonlinear_lags1 - INFO - Steady-state reward: -76.4318
2025-10-19 19:04:54 - ddpg_ann_nonlinear_lags1 - INFO - 
Training with critic_nodes=3, actor_nodes=10
2025-10-19 19:05:22 - ddpg_ann_nonlinear_lags1 - INFO - Steady-state reward: -90.1464
2025-10-19 19:05:22 - ddpg_ann_nonlinear_lags1 - INFO - 
Training with critic_nodes=4, actor_nodes=1
2025-10-19 19:05:50 - ddpg_ann_nonlinear_lags1 - INFO - Steady-state reward: -76.8654
2025-10-19 19:05:50 - ddpg_ann_nonlinear_lags1 - INFO - 
Training with critic_nodes=4, actor_nodes=2
2025-10-19 19:06:23 - ddpg_ann_nonlinear_lags1 - INFO - Steady-state reward: -81.3349
2025-10-19 19:06:23 - ddpg_ann_nonlinear_lags1 - INFO - 
Training with critic_nodes=4, actor_nodes=3
2025-10-19 19:06:56 - ddpg_ann_nonlinear_lags1 - INFO - Steady-state reward: -94.3602
2025-10-19 19:06:56 - ddpg_ann_nonlinear_lags1 - INFO - 
Training with critic_nodes=4, actor_nodes=4
2025-10-19 19:07:28 - ddpg_ann_nonlinear_lags1 - INFO - Steady-state reward: -96.7339
2025-10-19 19:07:28 - ddpg_ann_nonlinear_lags1 - INFO - 
Training with critic_nodes=4, actor_nodes=5
2025-10-19 19:08:01 - ddpg_ann_nonlinear_lags1 - INFO - Steady-state reward: -87.4679
2025-10-19 19:08:01 - ddpg_ann_nonlinear_lags1 - INFO - 
Training with critic_nodes=4, actor_nodes=6
2025-10-19 19:08:33 - ddpg_ann_nonlinear_lags1 - INFO - Steady-state reward: -77.2726
2025-10-19 19:08:33 - ddpg_ann_nonlinear_lags1 - INFO - 
Training with critic_nodes=4, actor_nodes=7
2025-10-19 19:09:04 - ddpg_ann_nonlinear_lags1 - INFO - Steady-state reward: -87.2446
2025-10-19 19:09:04 - ddpg_ann_nonlinear_lags1 - INFO - 
Training with critic_nodes=4, actor_nodes=8
2025-10-19 19:09:36 - ddpg_ann_nonlinear_lags1 - INFO - Steady-state reward: -96.3847
2025-10-19 19:09:36 - ddpg_ann_nonlinear_lags1 - INFO - 
Training with critic_nodes=4, actor_nodes=9
2025-10-19 19:10:09 - ddpg_ann_nonlinear_lags1 - INFO - Steady-state reward: -75.2621
2025-10-19 19:10:09 - ddpg_ann_nonlinear_lags1 - INFO - 
Training with critic_nodes=4, actor_nodes=10
2025-10-19 19:10:40 - ddpg_ann_nonlinear_lags1 - INFO - Steady-state reward: -79.2129
2025-10-19 19:10:40 - ddpg_ann_nonlinear_lags1 - INFO - 
Training with critic_nodes=5, actor_nodes=1
2025-10-19 19:11:12 - ddpg_ann_nonlinear_lags1 - INFO - Steady-state reward: -80.2603
2025-10-19 19:11:12 - ddpg_ann_nonlinear_lags1 - INFO - 
Training with critic_nodes=5, actor_nodes=2
2025-10-19 19:11:46 - ddpg_ann_nonlinear_lags1 - INFO - Steady-state reward: -84.7259
2025-10-19 19:11:46 - ddpg_ann_nonlinear_lags1 - INFO - 
Training with critic_nodes=5, actor_nodes=3
2025-10-19 19:12:18 - ddpg_ann_nonlinear_lags1 - INFO - Steady-state reward: -79.6648
2025-10-19 19:12:18 - ddpg_ann_nonlinear_lags1 - INFO - 
Training with critic_nodes=5, actor_nodes=4
2025-10-19 19:12:52 - ddpg_ann_nonlinear_lags1 - INFO - Steady-state reward: -93.7639
2025-10-19 19:12:52 - ddpg_ann_nonlinear_lags1 - INFO - 
Training with critic_nodes=5, actor_nodes=5
2025-10-19 19:13:25 - ddpg_ann_nonlinear_lags1 - INFO - Steady-state reward: -86.2503
2025-10-19 19:13:25 - ddpg_ann_nonlinear_lags1 - INFO - 
Training with critic_nodes=5, actor_nodes=6
2025-10-19 19:13:57 - ddpg_ann_nonlinear_lags1 - INFO - Steady-state reward: -80.0996
2025-10-19 19:13:57 - ddpg_ann_nonlinear_lags1 - INFO - 
Training with critic_nodes=5, actor_nodes=7
2025-10-19 19:14:29 - ddpg_ann_nonlinear_lags1 - INFO - Steady-state reward: -98.2809
2025-10-19 19:14:29 - ddpg_ann_nonlinear_lags1 - INFO - 
Training with critic_nodes=5, actor_nodes=8
2025-10-19 19:15:02 - ddpg_ann_nonlinear_lags1 - INFO - Steady-state reward: -91.4004
2025-10-19 19:15:02 - ddpg_ann_nonlinear_lags1 - INFO - 
Training with critic_nodes=5, actor_nodes=9
2025-10-19 19:15:35 - ddpg_ann_nonlinear_lags1 - INFO - Steady-state reward: -74.5857
2025-10-19 19:15:35 - ddpg_ann_nonlinear_lags1 - INFO - 
Training with critic_nodes=5, actor_nodes=10
2025-10-19 19:16:07 - ddpg_ann_nonlinear_lags1 - INFO - Steady-state reward: -80.1539
2025-10-19 19:16:07 - ddpg_ann_nonlinear_lags1 - INFO - 
Training with critic_nodes=6, actor_nodes=1
2025-10-19 19:16:40 - ddpg_ann_nonlinear_lags1 - INFO - Steady-state reward: -82.7994
2025-10-19 19:16:40 - ddpg_ann_nonlinear_lags1 - INFO - 
Training with critic_nodes=6, actor_nodes=2
2025-10-19 19:17:14 - ddpg_ann_nonlinear_lags1 - INFO - Steady-state reward: -77.2760
2025-10-19 19:17:14 - ddpg_ann_nonlinear_lags1 - INFO - 
Training with critic_nodes=6, actor_nodes=3
2025-10-19 19:17:45 - ddpg_ann_nonlinear_lags1 - INFO - Steady-state reward: -80.2986
2025-10-19 19:17:45 - ddpg_ann_nonlinear_lags1 - INFO - 
Training with critic_nodes=6, actor_nodes=4
2025-10-19 19:18:18 - ddpg_ann_nonlinear_lags1 - INFO - Steady-state reward: -84.9518
2025-10-19 19:18:18 - ddpg_ann_nonlinear_lags1 - INFO - 
Training with critic_nodes=6, actor_nodes=5
2025-10-19 19:18:52 - ddpg_ann_nonlinear_lags1 - INFO - Steady-state reward: -93.4572
2025-10-19 19:18:52 - ddpg_ann_nonlinear_lags1 - INFO - 
Training with critic_nodes=6, actor_nodes=6
2025-10-19 19:19:25 - ddpg_ann_nonlinear_lags1 - INFO - Steady-state reward: -72.4123
2025-10-19 19:19:25 - ddpg_ann_nonlinear_lags1 - INFO - New best agent found!
2025-10-19 19:19:25 - ddpg_ann_nonlinear_lags1 - INFO - 
Training with critic_nodes=6, actor_nodes=7
2025-10-19 19:19:58 - ddpg_ann_nonlinear_lags1 - INFO - Steady-state reward: -88.1519
2025-10-19 19:19:58 - ddpg_ann_nonlinear_lags1 - INFO - 
Training with critic_nodes=6, actor_nodes=8
2025-10-19 19:20:30 - ddpg_ann_nonlinear_lags1 - INFO - Steady-state reward: -88.4924
2025-10-19 19:20:30 - ddpg_ann_nonlinear_lags1 - INFO - 
Training with critic_nodes=6, actor_nodes=9
2025-10-19 19:21:02 - ddpg_ann_nonlinear_lags1 - INFO - Steady-state reward: -75.7988
2025-10-19 19:21:02 - ddpg_ann_nonlinear_lags1 - INFO - 
Training with critic_nodes=6, actor_nodes=10
2025-10-19 19:21:35 - ddpg_ann_nonlinear_lags1 - INFO - Steady-state reward: -79.6277
2025-10-19 19:21:35 - ddpg_ann_nonlinear_lags1 - INFO - 
Training with critic_nodes=7, actor_nodes=1
2025-10-19 19:22:07 - ddpg_ann_nonlinear_lags1 - INFO - Steady-state reward: -80.7709
2025-10-19 19:22:07 - ddpg_ann_nonlinear_lags1 - INFO - 
Training with critic_nodes=7, actor_nodes=2
2025-10-19 19:22:38 - ddpg_ann_nonlinear_lags1 - INFO - Steady-state reward: -77.0331
2025-10-19 19:22:38 - ddpg_ann_nonlinear_lags1 - INFO - 
Training with critic_nodes=7, actor_nodes=3
2025-10-19 19:23:09 - ddpg_ann_nonlinear_lags1 - INFO - Steady-state reward: -87.0511
2025-10-19 19:23:09 - ddpg_ann_nonlinear_lags1 - INFO - 
Training with critic_nodes=7, actor_nodes=4
2025-10-19 19:23:42 - ddpg_ann_nonlinear_lags1 - INFO - Steady-state reward: -81.2917
2025-10-19 19:23:42 - ddpg_ann_nonlinear_lags1 - INFO - 
Training with critic_nodes=7, actor_nodes=5
2025-10-19 19:24:14 - ddpg_ann_nonlinear_lags1 - INFO - Steady-state reward: -82.3745
2025-10-19 19:24:14 - ddpg_ann_nonlinear_lags1 - INFO - 
Training with critic_nodes=7, actor_nodes=6
2025-10-19 19:24:45 - ddpg_ann_nonlinear_lags1 - INFO - Steady-state reward: -73.3679
2025-10-19 19:24:45 - ddpg_ann_nonlinear_lags1 - INFO - 
Training with critic_nodes=7, actor_nodes=7
2025-10-19 19:25:17 - ddpg_ann_nonlinear_lags1 - INFO - Steady-state reward: -86.4917
2025-10-19 19:25:17 - ddpg_ann_nonlinear_lags1 - INFO - 
Training with critic_nodes=7, actor_nodes=8
2025-10-19 19:25:49 - ddpg_ann_nonlinear_lags1 - INFO - Steady-state reward: -97.2177
2025-10-19 19:25:49 - ddpg_ann_nonlinear_lags1 - INFO - 
Training with critic_nodes=7, actor_nodes=9
2025-10-19 19:26:21 - ddpg_ann_nonlinear_lags1 - INFO - Steady-state reward: -81.2593
2025-10-19 19:26:21 - ddpg_ann_nonlinear_lags1 - INFO - 
Training with critic_nodes=7, actor_nodes=10
2025-10-19 19:26:53 - ddpg_ann_nonlinear_lags1 - INFO - Steady-state reward: -84.3904
2025-10-19 19:26:53 - ddpg_ann_nonlinear_lags1 - INFO - 
Training with critic_nodes=8, actor_nodes=1
2025-10-19 19:27:22 - ddpg_ann_nonlinear_lags1 - INFO - Steady-state reward: -78.3110
2025-10-19 19:27:22 - ddpg_ann_nonlinear_lags1 - INFO - 
Training with critic_nodes=8, actor_nodes=2
2025-10-19 19:27:51 - ddpg_ann_nonlinear_lags1 - INFO - Steady-state reward: -81.2186
2025-10-19 19:27:51 - ddpg_ann_nonlinear_lags1 - INFO - 
Training with critic_nodes=8, actor_nodes=3
2025-10-19 19:28:20 - ddpg_ann_nonlinear_lags1 - INFO - Steady-state reward: -80.6297
2025-10-19 19:28:20 - ddpg_ann_nonlinear_lags1 - INFO - 
Training with critic_nodes=8, actor_nodes=4
2025-10-19 19:28:49 - ddpg_ann_nonlinear_lags1 - INFO - Steady-state reward: -93.3026
2025-10-19 19:28:49 - ddpg_ann_nonlinear_lags1 - INFO - 
Training with critic_nodes=8, actor_nodes=5
2025-10-19 19:29:18 - ddpg_ann_nonlinear_lags1 - INFO - Steady-state reward: -86.2769
2025-10-19 19:29:18 - ddpg_ann_nonlinear_lags1 - INFO - 
Training with critic_nodes=8, actor_nodes=6
2025-10-19 19:29:47 - ddpg_ann_nonlinear_lags1 - INFO - Steady-state reward: -75.9855
2025-10-19 19:29:47 - ddpg_ann_nonlinear_lags1 - INFO - 
Training with critic_nodes=8, actor_nodes=7
2025-10-19 19:30:16 - ddpg_ann_nonlinear_lags1 - INFO - Steady-state reward: -90.6605
2025-10-19 19:30:16 - ddpg_ann_nonlinear_lags1 - INFO - 
Training with critic_nodes=8, actor_nodes=8
2025-10-19 19:30:43 - ddpg_ann_nonlinear_lags1 - INFO - Steady-state reward: -90.9606
2025-10-19 19:30:43 - ddpg_ann_nonlinear_lags1 - INFO - 
Training with critic_nodes=8, actor_nodes=9
2025-10-19 19:31:12 - ddpg_ann_nonlinear_lags1 - INFO - Steady-state reward: -81.0107
2025-10-19 19:31:12 - ddpg_ann_nonlinear_lags1 - INFO - 
Training with critic_nodes=8, actor_nodes=10
2025-10-19 19:31:40 - ddpg_ann_nonlinear_lags1 - INFO - Steady-state reward: -89.7786
2025-10-19 19:31:40 - ddpg_ann_nonlinear_lags1 - INFO - 
Training with critic_nodes=9, actor_nodes=1
2025-10-19 19:32:08 - ddpg_ann_nonlinear_lags1 - INFO - Steady-state reward: -82.7512
2025-10-19 19:32:08 - ddpg_ann_nonlinear_lags1 - INFO - 
Training with critic_nodes=9, actor_nodes=2
2025-10-19 19:32:36 - ddpg_ann_nonlinear_lags1 - INFO - Steady-state reward: -81.5745
2025-10-19 19:32:36 - ddpg_ann_nonlinear_lags1 - INFO - 
Training with critic_nodes=9, actor_nodes=3
2025-10-19 19:33:05 - ddpg_ann_nonlinear_lags1 - INFO - Steady-state reward: -83.8904
2025-10-19 19:33:05 - ddpg_ann_nonlinear_lags1 - INFO - 
Training with critic_nodes=9, actor_nodes=4
2025-10-19 19:33:33 - ddpg_ann_nonlinear_lags1 - INFO - Steady-state reward: -88.8568
2025-10-19 19:33:33 - ddpg_ann_nonlinear_lags1 - INFO - 
Training with critic_nodes=9, actor_nodes=5
2025-10-19 19:34:02 - ddpg_ann_nonlinear_lags1 - INFO - Steady-state reward: -89.0013
2025-10-19 19:34:02 - ddpg_ann_nonlinear_lags1 - INFO - 
Training with critic_nodes=9, actor_nodes=6
2025-10-19 19:34:30 - ddpg_ann_nonlinear_lags1 - INFO - Steady-state reward: -74.7808
2025-10-19 19:34:30 - ddpg_ann_nonlinear_lags1 - INFO - 
Training with critic_nodes=9, actor_nodes=7
2025-10-19 19:34:58 - ddpg_ann_nonlinear_lags1 - INFO - Steady-state reward: -83.2835
2025-10-19 19:34:58 - ddpg_ann_nonlinear_lags1 - INFO - 
Training with critic_nodes=9, actor_nodes=8
2025-10-19 19:35:27 - ddpg_ann_nonlinear_lags1 - INFO - Steady-state reward: -94.1313
2025-10-19 19:35:27 - ddpg_ann_nonlinear_lags1 - INFO - 
Training with critic_nodes=9, actor_nodes=9
2025-10-19 19:35:55 - ddpg_ann_nonlinear_lags1 - INFO - Steady-state reward: -81.7711
2025-10-19 19:35:55 - ddpg_ann_nonlinear_lags1 - INFO - 
Training with critic_nodes=9, actor_nodes=10
2025-10-19 19:36:24 - ddpg_ann_nonlinear_lags1 - INFO - Steady-state reward: -79.3043
2025-10-19 19:36:24 - ddpg_ann_nonlinear_lags1 - INFO - 
Training with critic_nodes=10, actor_nodes=1
2025-10-19 19:36:52 - ddpg_ann_nonlinear_lags1 - INFO - Steady-state reward: -79.7088
2025-10-19 19:36:52 - ddpg_ann_nonlinear_lags1 - INFO - 
Training with critic_nodes=10, actor_nodes=2
2025-10-19 20:00:50 - ddpg_ann_nonlinear_lags1 - INFO - Steady-state reward: -75.1129
2025-10-19 20:00:50 - ddpg_ann_nonlinear_lags1 - INFO - 
Training with critic_nodes=10, actor_nodes=3
2025-10-19 20:01:19 - ddpg_ann_nonlinear_lags1 - INFO - Steady-state reward: -79.0295
2025-10-19 20:01:19 - ddpg_ann_nonlinear_lags1 - INFO - 
Training with critic_nodes=10, actor_nodes=4
2025-10-19 20:01:48 - ddpg_ann_nonlinear_lags1 - INFO - Steady-state reward: -95.8537
2025-10-19 20:01:48 - ddpg_ann_nonlinear_lags1 - INFO - 
Training with critic_nodes=10, actor_nodes=5
2025-10-19 20:02:18 - ddpg_ann_nonlinear_lags1 - INFO - Steady-state reward: -83.3478
2025-10-19 20:02:18 - ddpg_ann_nonlinear_lags1 - INFO - 
Training with critic_nodes=10, actor_nodes=6
2025-10-19 20:02:47 - ddpg_ann_nonlinear_lags1 - INFO - Steady-state reward: -73.6273
2025-10-19 20:02:47 - ddpg_ann_nonlinear_lags1 - INFO - 
Training with critic_nodes=10, actor_nodes=7
2025-10-19 20:03:16 - ddpg_ann_nonlinear_lags1 - INFO - Steady-state reward: -91.8178
2025-10-19 20:03:16 - ddpg_ann_nonlinear_lags1 - INFO - 
Training with critic_nodes=10, actor_nodes=8
2025-10-19 20:03:45 - ddpg_ann_nonlinear_lags1 - INFO - Steady-state reward: -91.1298
2025-10-19 20:03:45 - ddpg_ann_nonlinear_lags1 - INFO - 
Training with critic_nodes=10, actor_nodes=9
2025-10-19 20:04:14 - ddpg_ann_nonlinear_lags1 - INFO - Steady-state reward: -83.4070
2025-10-19 20:04:14 - ddpg_ann_nonlinear_lags1 - INFO - 
Training with critic_nodes=10, actor_nodes=10
2025-10-19 20:04:43 - ddpg_ann_nonlinear_lags1 - INFO - Steady-state reward: -85.3521
2025-10-19 20:04:43 - ddpg_ann_nonlinear_lags1 - INFO - 
Best agent saved to: results/checkpoints\ddpg_ann_nonlinear_lags1.pth
2025-10-19 20:04:43 - ddpg_ann_nonlinear_lags1 - INFO - Best configuration: {'critic_nodes': 6, 'actor_nodes': 6, 'steady_state_reward': np.float64(-72.41229109084165)}
2025-10-19 20:04:43 - ddpg_ann_nonlinear_lags1 - INFO - Policy parameters saved to: results/checkpoints\ddpg_ann_nonlinear_lags1_params.pkl
2025-10-19 20:04:43 - ddpg_ann_nonlinear_lags1 - INFO - Training complete!
