2025-10-19 16:44:09 - ddpg_ann_linear_lags0 - INFO - Starting training: ddpg_ann_linear_lags0
2025-10-19 16:44:09 - ddpg_ann_linear_lags0 - INFO - Loading economy model...
2025-10-19 16:44:09 - ddpg_ann_linear_lags0 - INFO - 
Training with critic_nodes=1, actor_nodes=None
2025-10-19 16:44:33 - ddpg_ann_linear_lags0 - INFO - Steady-state reward: -94.8979
2025-10-19 16:44:33 - ddpg_ann_linear_lags0 - INFO - New best agent found!
2025-10-19 16:44:33 - ddpg_ann_linear_lags0 - INFO - 
Training with critic_nodes=2, actor_nodes=None
2025-10-19 16:45:03 - ddpg_ann_linear_lags0 - INFO - Steady-state reward: -104.7001
2025-10-19 16:45:03 - ddpg_ann_linear_lags0 - INFO - 
Training with critic_nodes=3, actor_nodes=None
2025-10-19 16:45:31 - ddpg_ann_linear_lags0 - INFO - Steady-state reward: -97.8980
2025-10-19 16:45:31 - ddpg_ann_linear_lags0 - INFO - 
Training with critic_nodes=4, actor_nodes=None
2025-10-19 16:45:59 - ddpg_ann_linear_lags0 - INFO - Steady-state reward: -97.3553
2025-10-19 16:45:59 - ddpg_ann_linear_lags0 - INFO - 
Training with critic_nodes=5, actor_nodes=None
2025-10-19 16:46:31 - ddpg_ann_linear_lags0 - INFO - Steady-state reward: -98.8628
2025-10-19 16:46:31 - ddpg_ann_linear_lags0 - INFO - 
Training with critic_nodes=6, actor_nodes=None
2025-10-19 16:47:03 - ddpg_ann_linear_lags0 - INFO - Steady-state reward: -98.4232
2025-10-19 16:47:03 - ddpg_ann_linear_lags0 - INFO - 
Training with critic_nodes=7, actor_nodes=None
2025-10-19 16:47:32 - ddpg_ann_linear_lags0 - INFO - Steady-state reward: -95.9477
2025-10-19 16:47:32 - ddpg_ann_linear_lags0 - INFO - 
Training with critic_nodes=8, actor_nodes=None
2025-10-19 16:48:02 - ddpg_ann_linear_lags0 - INFO - Steady-state reward: -97.3122
2025-10-19 16:48:02 - ddpg_ann_linear_lags0 - INFO - 
Training with critic_nodes=9, actor_nodes=None
2025-10-19 16:48:32 - ddpg_ann_linear_lags0 - INFO - Steady-state reward: -100.2381
2025-10-19 16:48:32 - ddpg_ann_linear_lags0 - INFO - 
Training with critic_nodes=10, actor_nodes=None
2025-10-19 16:49:02 - ddpg_ann_linear_lags0 - INFO - Steady-state reward: -96.2143
2025-10-19 16:49:02 - ddpg_ann_linear_lags0 - INFO - 
Best agent saved to: results/checkpoints\ddpg_ann_linear_lags0.pth
2025-10-19 16:49:02 - ddpg_ann_linear_lags0 - INFO - Best configuration: {'critic_nodes': 1, 'actor_nodes': None, 'steady_state_reward': np.float64(-94.89786520613453)}
2025-10-19 16:49:02 - ddpg_ann_linear_lags0 - INFO - Policy parameters saved to: results/checkpoints\ddpg_ann_linear_lags0_params.pkl
2025-10-19 16:49:02 - ddpg_ann_linear_lags0 - INFO - 
Optimized Policy Parameters:
2025-10-19 16:49:02 - ddpg_ann_linear_lags0 - INFO -   alpha_0: 0.1549
2025-10-19 16:49:02 - ddpg_ann_linear_lags0 - INFO -   beta_y_0: 1.6091
2025-10-19 16:49:02 - ddpg_ann_linear_lags0 - INFO -   beta_pi_0: -0.2611
2025-10-19 16:49:02 - ddpg_ann_linear_lags0 - INFO - Training complete!
