2025-11-28 03:27:30 - economy_estimation - INFO - ============================================================
2025-11-28 03:27:30 - economy_estimation - INFO - ECONOMY ESTIMATION
2025-11-28 03:27:30 - economy_estimation - INFO - ============================================================
2025-11-28 03:27:30 - economy_estimation - INFO - 
Loading data...
2025-11-28 03:27:37 - economy_estimation - INFO - Data loaded: 140 observations
2025-11-28 03:27:37 - economy_estimation - INFO - Date range: 1988-07-01 00:00:00 to 2023-04-01 00:00:00
2025-11-28 03:27:37 - economy_estimation - INFO - 
============================================================
2025-11-28 03:27:37 - economy_estimation - INFO - ESTIMATING SVAR ECONOMY (OPTIMAL LAGS)
2025-11-28 03:27:37 - economy_estimation - INFO - ============================================================
2025-11-28 03:27:37 - economy_estimation - INFO - Searching for optimal lags (1 to 4)...
2025-11-28 03:27:37 - economy_estimation - INFO - 
Lag Selection Results:
2025-11-28 03:27:37 - economy_estimation - INFO - Lags  AIC          BIC          MSE         
2025-11-28 03:27:37 - economy_estimation - INFO - ---------------------------------------------
2025-11-28 03:27:37 - economy_estimation - INFO - 1     531.55       557.96       0.597264     
2025-11-28 03:27:37 - economy_estimation - INFO - 2     480.94       524.85       0.570879     
2025-11-28 03:27:37 - economy_estimation - INFO - 3     467.70       529.02       0.553437     
2025-11-28 03:27:37 - economy_estimation - INFO - 4     459.81       538.45       0.563845     *
2025-11-28 03:27:37 - economy_estimation - INFO - 
Optimal lag length selected: 4
2025-11-28 03:27:37 - economy_estimation - INFO - 
Output Gap Equation (Optimal Lags):
2025-11-28 03:27:37 - economy_estimation - INFO -                             OLS Regression Results                            
==============================================================================
Dep. Variable:                      y   R-squared:                       0.727
Model:                            OLS   Adj. R-squared:                  0.701
Method:                 Least Squares   F-statistic:                     27.35
Date:                Fri, 28 Nov 2025   Prob (F-statistic):           3.77e-29
Time:                        03:27:37   Log-Likelihood:                -189.33
No. Observations:                 136   AIC:                             404.7
Df Residuals:                     123   BIC:                             442.5
Df Model:                          12                                         
Covariance Type:            nonrobust                                         
==============================================================================
                 coef    std err          t      P>|t|      [0.025      0.975]
------------------------------------------------------------------------------
const         -0.1614      0.278     -0.580      0.563      -0.712       0.389
x1             0.7587      0.106      7.144      0.000       0.548       0.969
x2            -0.4167      0.313     -1.332      0.185      -1.036       0.202
x3             0.1714      0.315      0.544      0.588      -0.453       0.795
x4            -0.0477      0.130     -0.367      0.714      -0.305       0.210
x5             0.9158      0.521      1.757      0.081      -0.116       1.947
x6             0.3624      0.581      0.624      0.534      -0.788       1.512
x7             0.0331      0.125      0.266      0.791      -0.214       0.280
x8            -0.3580      0.528     -0.678      0.499      -1.403       0.687
x9            -0.4631      0.577     -0.803      0.424      -1.605       0.678
x10            0.0075      0.097      0.077      0.939      -0.184       0.199
x11           -0.2259      0.348     -0.649      0.517      -0.914       0.463
x12           -0.0054      0.302     -0.018      0.986      -0.603       0.592
==============================================================================
Omnibus:                      135.492   Durbin-Watson:                   2.008
Prob(Omnibus):                  0.000   Jarque-Bera (JB):             5417.411
Skew:                          -3.102   Prob(JB):                         0.00
Kurtosis:                      33.291   Cond. No.                         83.4
==============================================================================

Notes:
[1] Standard Errors assume that the covariance matrix of the errors is correctly specified.
2025-11-28 03:27:37 - economy_estimation - INFO - 
Inflation Equation (Optimal Lags):
2025-11-28 03:27:37 - economy_estimation - INFO -                             OLS Regression Results                            
==============================================================================
Dep. Variable:                      y   R-squared:                       0.955
Model:                            OLS   Adj. R-squared:                  0.950
Method:                 Least Squares   F-statistic:                     200.0
Date:                Fri, 28 Nov 2025   Prob (F-statistic):           1.31e-75
Time:                        03:27:37   Log-Likelihood:                -13.573
No. Observations:                 136   AIC:                             55.15
Df Residuals:                     122   BIC:                             95.92
Df Model:                          13                                         
Covariance Type:            nonrobust                                         
==============================================================================
                 coef    std err          t      P>|t|      [0.025      0.975]
------------------------------------------------------------------------------
const          0.2149      0.077      2.798      0.006       0.063       0.367
x1             0.1218      0.025      4.898      0.000       0.073       0.171
x2            -0.0642      0.035     -1.843      0.068      -0.133       0.005
x3             1.2731      0.087     14.654      0.000       1.101       1.445
x4            -0.0352      0.087     -0.405      0.686      -0.208       0.137
x5             0.0314      0.036      0.875      0.383      -0.040       0.102
x6            -0.1719      0.146     -1.182      0.240      -0.460       0.116
x7            -0.0849      0.160     -0.529      0.598      -0.402       0.233
x8            -0.0119      0.034     -0.346      0.730      -0.080       0.056
x9            -0.0040      0.146     -0.028      0.978      -0.293       0.285
x10            0.0643      0.159      0.403      0.688      -0.251       0.380
x11           -0.0814      0.027     -3.047      0.003      -0.134      -0.028
x12           -0.2223      0.096     -2.313      0.022      -0.412      -0.032
x13            0.0701      0.083      0.842      0.402      -0.095       0.235
==============================================================================
Omnibus:                        1.008   Durbin-Watson:                   1.779
Prob(Omnibus):                  0.604   Jarque-Bera (JB):                0.594
Skew:                           0.042   Prob(JB):                        0.743
Kurtosis:                       3.313   Cond. No.                         83.4
==============================================================================

Notes:
[1] Standard Errors assume that the covariance matrix of the errors is correctly specified.
2025-11-28 03:27:37 - economy_estimation - INFO - 
------------------------------------------------------------
2025-11-28 03:27:37 - economy_estimation - INFO - FIT STATISTICS (OPTIMAL MODEL)
2025-11-28 03:27:37 - economy_estimation - INFO - ------------------------------------------------------------
2025-11-28 03:27:37 - economy_estimation - INFO - Output Gap MSE: 1.048003
2025-11-28 03:27:37 - economy_estimation - INFO - Inflation MSE:  0.079687
2025-11-28 03:27:37 - economy_estimation - INFO - Total MSE:      0.563845
2025-11-28 03:27:37 - economy_estimation - INFO - Output Gap R²:  0.7274
2025-11-28 03:27:37 - economy_estimation - INFO - Inflation R²:   0.9552
2025-11-28 03:27:37 - economy_estimation - INFO - 
SVAR parameters saved to: results/checkpoints\svar_params.pkl
2025-11-28 03:27:37 - economy_estimation - INFO - 
============================================================
2025-11-28 03:27:37 - economy_estimation - INFO - ESTIMATING ANN ECONOMY
2025-11-28 03:27:37 - economy_estimation - INFO - ============================================================
2025-11-28 03:27:37 - economy_estimation - INFO - 
Dataset sizes:
2025-11-28 03:27:37 - economy_estimation - INFO -   Training:   119 observations
2025-11-28 03:27:37 - economy_estimation - INFO -   Validation: 21 observations
2025-11-28 03:27:37 - economy_estimation - INFO - 
------------------------------------------------------------
2025-11-28 03:27:37 - economy_estimation - INFO - Training Output Gap Network
2025-11-28 03:27:37 - economy_estimation - INFO - ------------------------------------------------------------
2025-11-28 03:27:41 - economy_estimation - INFO -   Early stopping at epoch 59
2025-11-28 03:27:41 - economy_estimation - INFO -   Best validation loss: 5.295376
2025-11-28 03:27:41 - economy_estimation - INFO - 
------------------------------------------------------------
2025-11-28 03:27:41 - economy_estimation - INFO - Training Inflation Network
2025-11-28 03:27:41 - economy_estimation - INFO - ------------------------------------------------------------
2025-11-28 03:27:41 - economy_estimation - INFO -   Early stopping at epoch 24
2025-11-28 03:27:41 - economy_estimation - INFO -   Best validation loss: 2.476210
2025-11-28 03:27:41 - economy_estimation - INFO - 
------------------------------------------------------------
2025-11-28 03:27:41 - economy_estimation - INFO - FIT STATISTICS
2025-11-28 03:27:41 - economy_estimation - INFO - ------------------------------------------------------------
2025-11-28 03:27:41 - economy_estimation - INFO - Output Gap MSE: 3.491457
2025-11-28 03:27:41 - economy_estimation - INFO - Inflation MSE:  1.045211
2025-11-28 03:27:41 - economy_estimation - INFO - Total MSE:      2.268334
2025-11-28 03:27:41 - economy_estimation - INFO - Output Gap R²:  -0.0008
2025-11-28 03:27:41 - economy_estimation - INFO - Inflation R²:   0.3562
2025-11-28 03:27:41 - economy_estimation - INFO - 
ANN networks saved to:
2025-11-28 03:27:41 - economy_estimation - INFO -   Output gap:  results/checkpoints\ann_y_network.pth
2025-11-28 03:27:41 - economy_estimation - INFO -   Inflation:   results/checkpoints\ann_pi_network.pth
2025-11-28 03:27:41 - economy_estimation - INFO -   Shock std:   results/checkpoints\ann_shock_std.pkl
2025-11-28 03:27:41 - economy_estimation - INFO - 
============================================================
2025-11-28 03:27:41 - economy_estimation - INFO - MODEL COMPARISON (Table 2)
2025-11-28 03:27:41 - economy_estimation - INFO - ============================================================
2025-11-28 03:27:41 - economy_estimation - INFO - 
  Model  MSE_Output_Gap  MSE_Inflation  MSE_Total
0  SVAR        1.048003       0.079687   0.563845
1   ANN        3.491457       1.045211   2.268334
2025-11-28 03:27:41 - economy_estimation - INFO - 
ANN improvement over SVAR: -302.3%
2025-11-28 03:27:41 - economy_estimation - INFO - 
Estimation complete!
